The system is: Darwin - 20.6.0 - x86_64
Compiling the C compiler identification source file "CMakeCCompilerId.c" succeeded.
Compiler: /usr/local/bin/gcc-11 
Build flags: 
Id flags: -c 

The output was:
0


Compilation of the C compiler identification source "CMakeCCompilerId.c" produced "CMakeCCompilerId.o"

The C compiler identification is GNU, found in "/Users/dhyanpatell/Desktop/tutorials/C++/c_slam/build/CMakeFiles/3.22.1/CompilerIdC/CMakeCCompilerId.o"

Compiling the CXX compiler identification source file "CMakeCXXCompilerId.cpp" succeeded.
Compiler: /Applications/Xcode.app/Contents/Developer/Toolchains/XcodeDefault.xctoolchain/usr/bin/c++ 
Build flags: 
Id flags: -c 

The output was:
0


Compilation of the CXX compiler identification source "CMakeCXXCompilerId.cpp" produced "CMakeCXXCompilerId.o"

The CXX compiler identification is AppleClang, found in "/Users/dhyanpatell/Desktop/tutorials/C++/c_slam/build/CMakeFiles/3.22.1/CompilerIdCXX/CMakeCXXCompilerId.o"

Detecting C compiler ABI info compiled with the following output:
Change Dir: /Users/dhyanpatell/Desktop/tutorials/C++/c_slam/build/CMakeFiles/CMakeTmp

Run Build Command(s):/usr/bin/make -f Makefile cmTC_ec580/fast && /Applications/Xcode.app/Contents/Developer/usr/bin/make  -f CMakeFiles/cmTC_ec580.dir/build.make CMakeFiles/cmTC_ec580.dir/build
Building C object CMakeFiles/cmTC_ec580.dir/CMakeCCompilerABI.c.o
/usr/local/bin/gcc-11   -isysroot /Applications/Xcode.app/Contents/Developer/Platforms/MacOSX.platform/Developer/SDKs/MacOSX12.1.sdk -mmacosx-version-min=11.6   -v -Wl,-v -o CMakeFiles/cmTC_ec580.dir/CMakeCCompilerABI.c.o -c /usr/local/Cellar/cmake/3.22.1/share/cmake/Modules/CMakeCCompilerABI.c
Using built-in specs.
COLLECT_GCC=/usr/local/bin/gcc-11
Target: x86_64-apple-darwin20
Configured with: ../configure --prefix=/usr/local/opt/gcc --libdir=/usr/local/opt/gcc/lib/gcc/11 --disable-nls --enable-checking=release --with-gcc-major-version-only --enable-languages=c,c++,objc,obj-c++,fortran,d --program-suffix=-11 --with-gmp=/usr/local/opt/gmp --with-mpfr=/usr/local/opt/mpfr --with-mpc=/usr/local/opt/libmpc --with-isl=/usr/local/opt/isl --with-zstd=/usr/local/opt/zstd --with-pkgversion='Homebrew GCC 11.2.0_3' --with-bugurl=https://github.com/Homebrew/homebrew-core/issues --enable-libphobos --build=x86_64-apple-darwin20 --with-system-zlib --disable-multilib --with-native-system-header-dir=/usr/include --with-sysroot=/Library/Developer/CommandLineTools/SDKs/MacOSX11.sdk
Thread model: posix
Supported LTO compression algorithms: zlib zstd
gcc version 11.2.0 (Homebrew GCC 11.2.0_3) 
COLLECT_GCC_OPTIONS='-isysroot' '/Applications/Xcode.app/Contents/Developer/Platforms/MacOSX.platform/Developer/SDKs/MacOSX12.1.sdk' '-v' '-o' 'CMakeFiles/cmTC_ec580.dir/CMakeCCompilerABI.c.o' '-c' '-mmacosx-version-min=11.6' '-asm_macosx_version_min=11.6' '-mtune=core2' '-dumpdir' 'CMakeFiles/cmTC_ec580.dir/'
 /usr/local/Cellar/gcc/11.2.0_3/bin/../libexec/gcc/x86_64-apple-darwin20/11/cc1 -quiet -v -iprefix /usr/local/Cellar/gcc/11.2.0_3/bin/../lib/gcc/11/gcc/x86_64-apple-darwin20/11/ -D__DYNAMIC__ -isysroot /Applications/Xcode.app/Contents/Developer/Platforms/MacOSX.platform/Developer/SDKs/MacOSX12.1.sdk /usr/local/Cellar/cmake/3.22.1/share/cmake/Modules/CMakeCCompilerABI.c -fPIC -quiet -dumpdir CMakeFiles/cmTC_ec580.dir/ -dumpbase CMakeCCompilerABI.c.c -dumpbase-ext .c -mmacosx-version-min=11.6 -mtune=core2 -version -o /var/folders/bj/8vxf963x4hx4htht_4f82jfc0000gn/T//ccHT0tVe.s
GNU C17 (Homebrew GCC 11.2.0_3) version 11.2.0 (x86_64-apple-darwin20)
	compiled by GNU C version 11.2.0, GMP version 6.2.1, MPFR version 4.1.0, MPC version 1.2.1, isl version isl-0.24-GMP

GGC heuristics: --param ggc-min-expand=100 --param ggc-min-heapsize=131072
ignoring nonexistent directory "/usr/local/Cellar/gcc/11.2.0_3/bin/../lib/gcc/11/gcc/x86_64-apple-darwin20/11/../../../../../../x86_64-apple-darwin20/include"
ignoring duplicate directory "/usr/local/Cellar/gcc/11.2.0_3/bin/../lib/gcc/11/gcc/../../../../lib/gcc/11/gcc/x86_64-apple-darwin20/11/include"
ignoring nonexistent directory "/Applications/Xcode.app/Contents/Developer/Platforms/MacOSX.platform/Developer/SDKs/MacOSX12.1.sdk/usr/local/include"
ignoring duplicate directory "/usr/local/Cellar/gcc/11.2.0_3/bin/../lib/gcc/11/gcc/../../../../lib/gcc/11/gcc/x86_64-apple-darwin20/11/include-fixed"
ignoring nonexistent directory "/usr/local/Cellar/gcc/11.2.0_3/bin/../lib/gcc/11/gcc/../../../../lib/gcc/11/gcc/x86_64-apple-darwin20/11/../../../../../../x86_64-apple-darwin20/include"
ignoring nonexistent directory "/Applications/Xcode.app/Contents/Developer/Platforms/MacOSX.platform/Developer/SDKs/MacOSX12.1.sdk/Library/Frameworks"
#include "..." search starts here:
#include <...> search starts here:
 /usr/local/Cellar/gcc/11.2.0_3/bin/../lib/gcc/11/gcc/x86_64-apple-darwin20/11/include
 /usr/local/Cellar/gcc/11.2.0_3/bin/../lib/gcc/11/gcc/x86_64-apple-darwin20/11/include-fixed
 /Applications/Xcode.app/Contents/Developer/Platforms/MacOSX.platform/Developer/SDKs/MacOSX12.1.sdk/usr/include
 /Applications/Xcode.app/Contents/Developer/Platforms/MacOSX.platform/Developer/SDKs/MacOSX12.1.sdk/System/Library/Frameworks
End of search list.
GNU C17 (Homebrew GCC 11.2.0_3) version 11.2.0 (x86_64-apple-darwin20)
	compiled by GNU C version 11.2.0, GMP version 6.2.1, MPFR version 4.1.0, MPC version 1.2.1, isl version isl-0.24-GMP

GGC heuristics: --param ggc-min-expand=100 --param ggc-min-heapsize=131072
Compiler executable checksum: 826cc800ee2f7f601ed61445fb47af01
COLLECT_GCC_OPTIONS='-isysroot' '/Applications/Xcode.app/Contents/Developer/Platforms/MacOSX.platform/Developer/SDKs/MacOSX12.1.sdk' '-v' '-o' 'CMakeFiles/cmTC_ec580.dir/CMakeCCompilerABI.c.o' '-c' '-mmacosx-version-min=11.6'  '-mtune=core2' '-dumpdir' 'CMakeFiles/cmTC_ec580.dir/'
 as -arch x86_64 -v -force_cpusubtype_ALL -mmacosx-version-min=11.6 -o CMakeFiles/cmTC_ec580.dir/CMakeCCompilerABI.c.o /var/folders/bj/8vxf963x4hx4htht_4f82jfc0000gn/T//ccHT0tVe.s
Apple clang version 13.0.0 (clang-1300.0.29.30)
Target: x86_64-apple-darwin20.6.0
Thread model: posix
InstalledDir: /Applications/Xcode.app/Contents/Developer/Toolchains/XcodeDefault.xctoolchain/usr/bin
 "/Applications/Xcode.app/Contents/Developer/Toolchains/XcodeDefault.xctoolchain/usr/bin/clang" -cc1as -triple x86_64-apple-macosx11.6.0 -filetype obj -main-file-name ccHT0tVe.s -target-cpu penryn -fdebug-compilation-dir /Users/dhyanpatell/Desktop/tutorials/C++/c_slam/build/CMakeFiles/CMakeTmp -dwarf-debug-producer "Apple clang version 13.0.0 (clang-1300.0.29.30)" -dwarf-version=4 -mrelocation-model pic --mrelax-relocations -mllvm -disable-aligned-alloc-awareness=1 -mllvm -enable-dse-memoryssa=0 -o CMakeFiles/cmTC_ec580.dir/CMakeCCompilerABI.c.o /var/folders/bj/8vxf963x4hx4htht_4f82jfc0000gn/T//ccHT0tVe.s
COMPILER_PATH=/usr/local/Cellar/gcc/11.2.0_3/bin/../libexec/gcc/x86_64-apple-darwin20/11/:/usr/local/Cellar/gcc/11.2.0_3/bin/../libexec/gcc/
LIBRARY_PATH=/usr/local/Cellar/gcc/11.2.0_3/bin/../lib/gcc/11/gcc/x86_64-apple-darwin20/11/:/usr/local/Cellar/gcc/11.2.0_3/bin/../lib/gcc/11/gcc/:/usr/local/Cellar/gcc/11.2.0_3/bin/../lib/gcc/11/gcc/x86_64-apple-darwin20/11/../../../
COLLECT_GCC_OPTIONS='-isysroot' '/Applications/Xcode.app/Contents/Developer/Platforms/MacOSX.platform/Developer/SDKs/MacOSX12.1.sdk' '-v' '-o' 'CMakeFiles/cmTC_ec580.dir/CMakeCCompilerABI.c.o' '-c' '-mmacosx-version-min=11.6'  '-mtune=core2' '-dumpdir' 'CMakeFiles/cmTC_ec580.dir/CMakeCCompilerABI.c.'
Linking C executable cmTC_ec580
/usr/local/Cellar/cmake/3.22.1/bin/cmake -E cmake_link_script CMakeFiles/cmTC_ec580.dir/link.txt --verbose=1
/usr/local/bin/gcc-11  -isysroot /Applications/Xcode.app/Contents/Developer/Platforms/MacOSX.platform/Developer/SDKs/MacOSX12.1.sdk -mmacosx-version-min=11.6 -Wl,-search_paths_first -Wl,-headerpad_max_install_names  -v -Wl,-v CMakeFiles/cmTC_ec580.dir/CMakeCCompilerABI.c.o -o cmTC_ec580 
Using built-in specs.
COLLECT_GCC=/usr/local/bin/gcc-11
COLLECT_LTO_WRAPPER=/usr/local/Cellar/gcc/11.2.0_3/bin/../libexec/gcc/x86_64-apple-darwin20/11/lto-wrapper
Target: x86_64-apple-darwin20
Configured with: ../configure --prefix=/usr/local/opt/gcc --libdir=/usr/local/opt/gcc/lib/gcc/11 --disable-nls --enable-checking=release --with-gcc-major-version-only --enable-languages=c,c++,objc,obj-c++,fortran,d --program-suffix=-11 --with-gmp=/usr/local/opt/gmp --with-mpfr=/usr/local/opt/mpfr --with-mpc=/usr/local/opt/libmpc --with-isl=/usr/local/opt/isl --with-zstd=/usr/local/opt/zstd --with-pkgversion='Homebrew GCC 11.2.0_3' --with-bugurl=https://github.com/Homebrew/homebrew-core/issues --enable-libphobos --build=x86_64-apple-darwin20 --with-system-zlib --disable-multilib --with-native-system-header-dir=/usr/include --with-sysroot=/Library/Developer/CommandLineTools/SDKs/MacOSX11.sdk
Thread model: posix
Supported LTO compression algorithms: zlib zstd
gcc version 11.2.0 (Homebrew GCC 11.2.0_3) 
COMPILER_PATH=/usr/local/Cellar/gcc/11.2.0_3/bin/../libexec/gcc/x86_64-apple-darwin20/11/:/usr/local/Cellar/gcc/11.2.0_3/bin/../libexec/gcc/
LIBRARY_PATH=/usr/local/Cellar/gcc/11.2.0_3/bin/../lib/gcc/11/gcc/x86_64-apple-darwin20/11/:/usr/local/Cellar/gcc/11.2.0_3/bin/../lib/gcc/11/gcc/:/usr/local/Cellar/gcc/11.2.0_3/bin/../lib/gcc/11/gcc/x86_64-apple-darwin20/11/../../../
COLLECT_GCC_OPTIONS='-isysroot' '/Applications/Xcode.app/Contents/Developer/Platforms/MacOSX.platform/Developer/SDKs/MacOSX12.1.sdk' '-v' '-o' 'cmTC_ec580' '-mmacosx-version-min=11.6' '-asm_macosx_version_min=11.6' '-mtune=core2' '-dumpdir' 'cmTC_ec580.'
 /usr/local/Cellar/gcc/11.2.0_3/bin/../libexec/gcc/x86_64-apple-darwin20/11/collect2 -dynamic -arch x86_64 -macosx_version_min 11.6 -syslibroot /Applications/Xcode.app/Contents/Developer/Platforms/MacOSX.platform/Developer/SDKs/MacOSX12.1.sdk -weak_reference_mismatches non-weak -o cmTC_ec580 -L/usr/local/Cellar/gcc/11.2.0_3/bin/../lib/gcc/11/gcc/x86_64-apple-darwin20/11 -L/usr/local/Cellar/gcc/11.2.0_3/bin/../lib/gcc/11/gcc -L/usr/local/Cellar/gcc/11.2.0_3/bin/../lib/gcc/11/gcc/x86_64-apple-darwin20/11/../../.. -search_paths_first -headerpad_max_install_names -v CMakeFiles/cmTC_ec580.dir/CMakeCCompilerABI.c.o -lSystem -lgcc_ext.10.5 -lgcc -lSystem -no_compact_unwind -v
collect2 version 11.2.0
/usr/bin/ld -dynamic -arch x86_64 -macosx_version_min 11.6 -syslibroot /Applications/Xcode.app/Contents/Developer/Platforms/MacOSX.platform/Developer/SDKs/MacOSX12.1.sdk -weak_reference_mismatches non-weak -o cmTC_ec580 -L/usr/local/Cellar/gcc/11.2.0_3/bin/../lib/gcc/11/gcc/x86_64-apple-darwin20/11 -L/usr/local/Cellar/gcc/11.2.0_3/bin/../lib/gcc/11/gcc -L/usr/local/Cellar/gcc/11.2.0_3/bin/../lib/gcc/11/gcc/x86_64-apple-darwin20/11/../../.. -search_paths_first -headerpad_max_install_names -v CMakeFiles/cmTC_ec580.dir/CMakeCCompilerABI.c.o -lSystem -lgcc_ext.10.5 -lgcc -lSystem -no_compact_unwind -v
@(#)PROGRAM:ld  PROJECT:ld64-711
BUILD 21:57:11 Nov 17 2021
configured to support archs: armv6 armv7 armv7s arm64 arm64e arm64_32 i386 x86_64 x86_64h armv6m armv7k armv7m armv7em
@(#)PROGRAM:ld  PROJECT:ld64-711
BUILD 21:57:11 Nov 17 2021
configured to support archs: armv6 armv7 armv7s arm64 arm64e arm64_32 i386 x86_64 x86_64h armv6m armv7k armv7m armv7em
Library search paths:
	/usr/local/Cellar/gcc/11.2.0_3/lib/gcc/11/gcc/x86_64-apple-darwin20/11
	/usr/local/Cellar/gcc/11.2.0_3/lib/gcc/11/gcc
	/usr/local/Cellar/gcc/11.2.0_3/lib/gcc/11
	/Applications/Xcode.app/Contents/Developer/Platforms/MacOSX.platform/Developer/SDKs/MacOSX12.1.sdk/usr/lib
Framework search paths:
	/Applications/Xcode.app/Contents/Developer/Platforms/MacOSX.platform/Developer/SDKs/MacOSX12.1.sdk/System/Library/Frameworks/



Parsed C implicit include dir info from above output: rv=done
  found start of include info
  found start of implicit include info
    add: [/usr/local/Cellar/gcc/11.2.0_3/bin/../lib/gcc/11/gcc/x86_64-apple-darwin20/11/include]
    add: [/usr/local/Cellar/gcc/11.2.0_3/bin/../lib/gcc/11/gcc/x86_64-apple-darwin20/11/include-fixed]
    add: [/Applications/Xcode.app/Contents/Developer/Platforms/MacOSX.platform/Developer/SDKs/MacOSX12.1.sdk/usr/include]
    add: [/Applications/Xcode.app/Contents/Developer/Platforms/MacOSX.platform/Developer/SDKs/MacOSX12.1.sdk/System/Library/Frameworks]
  end of search list found
  collapse include dir [/usr/local/Cellar/gcc/11.2.0_3/bin/../lib/gcc/11/gcc/x86_64-apple-darwin20/11/include] ==> [/usr/local/Cellar/gcc/11.2.0_3/lib/gcc/11/gcc/x86_64-apple-darwin20/11/include]
  collapse include dir [/usr/local/Cellar/gcc/11.2.0_3/bin/../lib/gcc/11/gcc/x86_64-apple-darwin20/11/include-fixed] ==> [/usr/local/Cellar/gcc/11.2.0_3/lib/gcc/11/gcc/x86_64-apple-darwin20/11/include-fixed]
  collapse include dir [/Applications/Xcode.app/Contents/Developer/Platforms/MacOSX.platform/Developer/SDKs/MacOSX12.1.sdk/usr/include] ==> [/Applications/Xcode.app/Contents/Developer/Platforms/MacOSX.platform/Developer/SDKs/MacOSX12.1.sdk/usr/include]
  collapse include dir [/Applications/Xcode.app/Contents/Developer/Platforms/MacOSX.platform/Developer/SDKs/MacOSX12.1.sdk/System/Library/Frameworks] ==> [/Applications/Xcode.app/Contents/Developer/Platforms/MacOSX.platform/Developer/SDKs/MacOSX12.1.sdk/System/Library/Frameworks]
  implicit include dirs: [/usr/local/Cellar/gcc/11.2.0_3/lib/gcc/11/gcc/x86_64-apple-darwin20/11/include;/usr/local/Cellar/gcc/11.2.0_3/lib/gcc/11/gcc/x86_64-apple-darwin20/11/include-fixed;/Applications/Xcode.app/Contents/Developer/Platforms/MacOSX.platform/Developer/SDKs/MacOSX12.1.sdk/usr/include;/Applications/Xcode.app/Contents/Developer/Platforms/MacOSX.platform/Developer/SDKs/MacOSX12.1.sdk/System/Library/Frameworks]


Parsed C implicit link information from above output:
  link line regex: [^( *|.*[/\])(ld|CMAKE_LINK_STARTFILE-NOTFOUND|([^/\]+-)?ld|collect2)[^/\]*( |$)]
  ignore line: [Change Dir: /Users/dhyanpatell/Desktop/tutorials/C++/c_slam/build/CMakeFiles/CMakeTmp]
  ignore line: []
  ignore line: [Run Build Command(s):/usr/bin/make -f Makefile cmTC_ec580/fast && /Applications/Xcode.app/Contents/Developer/usr/bin/make  -f CMakeFiles/cmTC_ec580.dir/build.make CMakeFiles/cmTC_ec580.dir/build]
  ignore line: [Building C object CMakeFiles/cmTC_ec580.dir/CMakeCCompilerABI.c.o]
  ignore line: [/usr/local/bin/gcc-11   -isysroot /Applications/Xcode.app/Contents/Developer/Platforms/MacOSX.platform/Developer/SDKs/MacOSX12.1.sdk -mmacosx-version-min=11.6   -v -Wl -v -o CMakeFiles/cmTC_ec580.dir/CMakeCCompilerABI.c.o -c /usr/local/Cellar/cmake/3.22.1/share/cmake/Modules/CMakeCCompilerABI.c]
  ignore line: [Using built-in specs.]
  ignore line: [COLLECT_GCC=/usr/local/bin/gcc-11]
  ignore line: [Target: x86_64-apple-darwin20]
  ignore line: [Configured with: ../configure --prefix=/usr/local/opt/gcc --libdir=/usr/local/opt/gcc/lib/gcc/11 --disable-nls --enable-checking=release --with-gcc-major-version-only --enable-languages=c c++ objc obj-c++ fortran d --program-suffix=-11 --with-gmp=/usr/local/opt/gmp --with-mpfr=/usr/local/opt/mpfr --with-mpc=/usr/local/opt/libmpc --with-isl=/usr/local/opt/isl --with-zstd=/usr/local/opt/zstd --with-pkgversion='Homebrew GCC 11.2.0_3' --with-bugurl=https://github.com/Homebrew/homebrew-core/issues --enable-libphobos --build=x86_64-apple-darwin20 --with-system-zlib --disable-multilib --with-native-system-header-dir=/usr/include --with-sysroot=/Library/Developer/CommandLineTools/SDKs/MacOSX11.sdk]
  ignore line: [Thread model: posix]
  ignore line: [Supported LTO compression algorithms: zlib zstd]
  ignore line: [gcc version 11.2.0 (Homebrew GCC 11.2.0_3) ]
  ignore line: [COLLECT_GCC_OPTIONS='-isysroot' '/Applications/Xcode.app/Contents/Developer/Platforms/MacOSX.platform/Developer/SDKs/MacOSX12.1.sdk' '-v' '-o' 'CMakeFiles/cmTC_ec580.dir/CMakeCCompilerABI.c.o' '-c' '-mmacosx-version-min=11.6' '-asm_macosx_version_min=11.6' '-mtune=core2' '-dumpdir' 'CMakeFiles/cmTC_ec580.dir/']
  ignore line: [ /usr/local/Cellar/gcc/11.2.0_3/bin/../libexec/gcc/x86_64-apple-darwin20/11/cc1 -quiet -v -iprefix /usr/local/Cellar/gcc/11.2.0_3/bin/../lib/gcc/11/gcc/x86_64-apple-darwin20/11/ -D__DYNAMIC__ -isysroot /Applications/Xcode.app/Contents/Developer/Platforms/MacOSX.platform/Developer/SDKs/MacOSX12.1.sdk /usr/local/Cellar/cmake/3.22.1/share/cmake/Modules/CMakeCCompilerABI.c -fPIC -quiet -dumpdir CMakeFiles/cmTC_ec580.dir/ -dumpbase CMakeCCompilerABI.c.c -dumpbase-ext .c -mmacosx-version-min=11.6 -mtune=core2 -version -o /var/folders/bj/8vxf963x4hx4htht_4f82jfc0000gn/T//ccHT0tVe.s]
  ignore line: [GNU C17 (Homebrew GCC 11.2.0_3) version 11.2.0 (x86_64-apple-darwin20)]
  ignore line: [	compiled by GNU C version 11.2.0  GMP version 6.2.1  MPFR version 4.1.0  MPC version 1.2.1  isl version isl-0.24-GMP]
  ignore line: []
  ignore line: [GGC heuristics: --param ggc-min-expand=100 --param ggc-min-heapsize=131072]
  ignore line: [ignoring nonexistent directory "/usr/local/Cellar/gcc/11.2.0_3/bin/../lib/gcc/11/gcc/x86_64-apple-darwin20/11/../../../../../../x86_64-apple-darwin20/include"]
  ignore line: [ignoring duplicate directory "/usr/local/Cellar/gcc/11.2.0_3/bin/../lib/gcc/11/gcc/../../../../lib/gcc/11/gcc/x86_64-apple-darwin20/11/include"]
  ignore line: [ignoring nonexistent directory "/Applications/Xcode.app/Contents/Developer/Platforms/MacOSX.platform/Developer/SDKs/MacOSX12.1.sdk/usr/local/include"]
  ignore line: [ignoring duplicate directory "/usr/local/Cellar/gcc/11.2.0_3/bin/../lib/gcc/11/gcc/../../../../lib/gcc/11/gcc/x86_64-apple-darwin20/11/include-fixed"]
  ignore line: [ignoring nonexistent directory "/usr/local/Cellar/gcc/11.2.0_3/bin/../lib/gcc/11/gcc/../../../../lib/gcc/11/gcc/x86_64-apple-darwin20/11/../../../../../../x86_64-apple-darwin20/include"]
  ignore line: [ignoring nonexistent directory "/Applications/Xcode.app/Contents/Developer/Platforms/MacOSX.platform/Developer/SDKs/MacOSX12.1.sdk/Library/Frameworks"]
  ignore line: [#include "..." search starts here:]
  ignore line: [#include <...> search starts here:]
  ignore line: [ /usr/local/Cellar/gcc/11.2.0_3/bin/../lib/gcc/11/gcc/x86_64-apple-darwin20/11/include]
  ignore line: [ /usr/local/Cellar/gcc/11.2.0_3/bin/../lib/gcc/11/gcc/x86_64-apple-darwin20/11/include-fixed]
  ignore line: [ /Applications/Xcode.app/Contents/Developer/Platforms/MacOSX.platform/Developer/SDKs/MacOSX12.1.sdk/usr/include]
  ignore line: [ /Applications/Xcode.app/Contents/Developer/Platforms/MacOSX.platform/Developer/SDKs/MacOSX12.1.sdk/System/Library/Frameworks]
  ignore line: [End of search list.]
  ignore line: [GNU C17 (Homebrew GCC 11.2.0_3) version 11.2.0 (x86_64-apple-darwin20)]
  ignore line: [	compiled by GNU C version 11.2.0  GMP version 6.2.1  MPFR version 4.1.0  MPC version 1.2.1  isl version isl-0.24-GMP]
  ignore line: []
  ignore line: [GGC heuristics: --param ggc-min-expand=100 --param ggc-min-heapsize=131072]
  ignore line: [Compiler executable checksum: 826cc800ee2f7f601ed61445fb47af01]
  ignore line: [COLLECT_GCC_OPTIONS='-isysroot' '/Applications/Xcode.app/Contents/Developer/Platforms/MacOSX.platform/Developer/SDKs/MacOSX12.1.sdk' '-v' '-o' 'CMakeFiles/cmTC_ec580.dir/CMakeCCompilerABI.c.o' '-c' '-mmacosx-version-min=11.6'  '-mtune=core2' '-dumpdir' 'CMakeFiles/cmTC_ec580.dir/']
  ignore line: [ as -arch x86_64 -v -force_cpusubtype_ALL -mmacosx-version-min=11.6 -o CMakeFiles/cmTC_ec580.dir/CMakeCCompilerABI.c.o /var/folders/bj/8vxf963x4hx4htht_4f82jfc0000gn/T//ccHT0tVe.s]
  ignore line: [Apple clang version 13.0.0 (clang-1300.0.29.30)]
  ignore line: [Target: x86_64-apple-darwin20.6.0]
  ignore line: [Thread model: posix]
  ignore line: [InstalledDir: /Applications/Xcode.app/Contents/Developer/Toolchains/XcodeDefault.xctoolchain/usr/bin]
  ignore line: [ "/Applications/Xcode.app/Contents/Developer/Toolchains/XcodeDefault.xctoolchain/usr/bin/clang" -cc1as -triple x86_64-apple-macosx11.6.0 -filetype obj -main-file-name ccHT0tVe.s -target-cpu penryn -fdebug-compilation-dir /Users/dhyanpatell/Desktop/tutorials/C++/c_slam/build/CMakeFiles/CMakeTmp -dwarf-debug-producer "Apple clang version 13.0.0 (clang-1300.0.29.30)" -dwarf-version=4 -mrelocation-model pic --mrelax-relocations -mllvm -disable-aligned-alloc-awareness=1 -mllvm -enable-dse-memoryssa=0 -o CMakeFiles/cmTC_ec580.dir/CMakeCCompilerABI.c.o /var/folders/bj/8vxf963x4hx4htht_4f82jfc0000gn/T//ccHT0tVe.s]
  ignore line: [COMPILER_PATH=/usr/local/Cellar/gcc/11.2.0_3/bin/../libexec/gcc/x86_64-apple-darwin20/11/:/usr/local/Cellar/gcc/11.2.0_3/bin/../libexec/gcc/]
  ignore line: [LIBRARY_PATH=/usr/local/Cellar/gcc/11.2.0_3/bin/../lib/gcc/11/gcc/x86_64-apple-darwin20/11/:/usr/local/Cellar/gcc/11.2.0_3/bin/../lib/gcc/11/gcc/:/usr/local/Cellar/gcc/11.2.0_3/bin/../lib/gcc/11/gcc/x86_64-apple-darwin20/11/../../../]
  ignore line: [COLLECT_GCC_OPTIONS='-isysroot' '/Applications/Xcode.app/Contents/Developer/Platforms/MacOSX.platform/Developer/SDKs/MacOSX12.1.sdk' '-v' '-o' 'CMakeFiles/cmTC_ec580.dir/CMakeCCompilerABI.c.o' '-c' '-mmacosx-version-min=11.6'  '-mtune=core2' '-dumpdir' 'CMakeFiles/cmTC_ec580.dir/CMakeCCompilerABI.c.']
  ignore line: [Linking C executable cmTC_ec580]
  ignore line: [/usr/local/Cellar/cmake/3.22.1/bin/cmake -E cmake_link_script CMakeFiles/cmTC_ec580.dir/link.txt --verbose=1]
  ignore line: [/usr/local/bin/gcc-11  -isysroot /Applications/Xcode.app/Contents/Developer/Platforms/MacOSX.platform/Developer/SDKs/MacOSX12.1.sdk -mmacosx-version-min=11.6 -Wl -search_paths_first -Wl -headerpad_max_install_names  -v -Wl -v CMakeFiles/cmTC_ec580.dir/CMakeCCompilerABI.c.o -o cmTC_ec580 ]
  ignore line: [Using built-in specs.]
  ignore line: [COLLECT_GCC=/usr/local/bin/gcc-11]
  ignore line: [COLLECT_LTO_WRAPPER=/usr/local/Cellar/gcc/11.2.0_3/bin/../libexec/gcc/x86_64-apple-darwin20/11/lto-wrapper]
  ignore line: [Target: x86_64-apple-darwin20]
  ignore line: [Configured with: ../configure --prefix=/usr/local/opt/gcc --libdir=/usr/local/opt/gcc/lib/gcc/11 --disable-nls --enable-checking=release --with-gcc-major-version-only --enable-languages=c c++ objc obj-c++ fortran d --program-suffix=-11 --with-gmp=/usr/local/opt/gmp --with-mpfr=/usr/local/opt/mpfr --with-mpc=/usr/local/opt/libmpc --with-isl=/usr/local/opt/isl --with-zstd=/usr/local/opt/zstd --with-pkgversion='Homebrew GCC 11.2.0_3' --with-bugurl=https://github.com/Homebrew/homebrew-core/issues --enable-libphobos --build=x86_64-apple-darwin20 --with-system-zlib --disable-multilib --with-native-system-header-dir=/usr/include --with-sysroot=/Library/Developer/CommandLineTools/SDKs/MacOSX11.sdk]
  ignore line: [Thread model: posix]
  ignore line: [Supported LTO compression algorithms: zlib zstd]
  ignore line: [gcc version 11.2.0 (Homebrew GCC 11.2.0_3) ]
  ignore line: [COMPILER_PATH=/usr/local/Cellar/gcc/11.2.0_3/bin/../libexec/gcc/x86_64-apple-darwin20/11/:/usr/local/Cellar/gcc/11.2.0_3/bin/../libexec/gcc/]
  ignore line: [LIBRARY_PATH=/usr/local/Cellar/gcc/11.2.0_3/bin/../lib/gcc/11/gcc/x86_64-apple-darwin20/11/:/usr/local/Cellar/gcc/11.2.0_3/bin/../lib/gcc/11/gcc/:/usr/local/Cellar/gcc/11.2.0_3/bin/../lib/gcc/11/gcc/x86_64-apple-darwin20/11/../../../]
  ignore line: [COLLECT_GCC_OPTIONS='-isysroot' '/Applications/Xcode.app/Contents/Developer/Platforms/MacOSX.platform/Developer/SDKs/MacOSX12.1.sdk' '-v' '-o' 'cmTC_ec580' '-mmacosx-version-min=11.6' '-asm_macosx_version_min=11.6' '-mtune=core2' '-dumpdir' 'cmTC_ec580.']
  link line: [ /usr/local/Cellar/gcc/11.2.0_3/bin/../libexec/gcc/x86_64-apple-darwin20/11/collect2 -dynamic -arch x86_64 -macosx_version_min 11.6 -syslibroot /Applications/Xcode.app/Contents/Developer/Platforms/MacOSX.platform/Developer/SDKs/MacOSX12.1.sdk -weak_reference_mismatches non-weak -o cmTC_ec580 -L/usr/local/Cellar/gcc/11.2.0_3/bin/../lib/gcc/11/gcc/x86_64-apple-darwin20/11 -L/usr/local/Cellar/gcc/11.2.0_3/bin/../lib/gcc/11/gcc -L/usr/local/Cellar/gcc/11.2.0_3/bin/../lib/gcc/11/gcc/x86_64-apple-darwin20/11/../../.. -search_paths_first -headerpad_max_install_names -v CMakeFiles/cmTC_ec580.dir/CMakeCCompilerABI.c.o -lSystem -lgcc_ext.10.5 -lgcc -lSystem -no_compact_unwind -v]
    arg [/usr/local/Cellar/gcc/11.2.0_3/bin/../libexec/gcc/x86_64-apple-darwin20/11/collect2] ==> ignore
    arg [-dynamic] ==> ignore
    arg [-arch] ==> ignore
    arg [x86_64] ==> ignore
    arg [-macosx_version_min] ==> ignore
    arg [11.6] ==> ignore
    arg [-syslibroot] ==> ignore
    arg [/Applications/Xcode.app/Contents/Developer/Platforms/MacOSX.platform/Developer/SDKs/MacOSX12.1.sdk] ==> ignore
    arg [-weak_reference_mismatches] ==> ignore
    arg [non-weak] ==> ignore
    arg [-o] ==> ignore
    arg [cmTC_ec580] ==> ignore
    arg [-L/usr/local/Cellar/gcc/11.2.0_3/bin/../lib/gcc/11/gcc/x86_64-apple-darwin20/11] ==> dir [/usr/local/Cellar/gcc/11.2.0_3/bin/../lib/gcc/11/gcc/x86_64-apple-darwin20/11]
    arg [-L/usr/local/Cellar/gcc/11.2.0_3/bin/../lib/gcc/11/gcc] ==> dir [/usr/local/Cellar/gcc/11.2.0_3/bin/../lib/gcc/11/gcc]
    arg [-L/usr/local/Cellar/gcc/11.2.0_3/bin/../lib/gcc/11/gcc/x86_64-apple-darwin20/11/../../..] ==> dir [/usr/local/Cellar/gcc/11.2.0_3/bin/../lib/gcc/11/gcc/x86_64-apple-darwin20/11/../../..]
    arg [-search_paths_first] ==> ignore
    arg [-headerpad_max_install_names] ==> ignore
    arg [-v] ==> ignore
    arg [CMakeFiles/cmTC_ec580.dir/CMakeCCompilerABI.c.o] ==> ignore
    arg [-lSystem] ==> lib [System]
    arg [-lgcc_ext.10.5] ==> lib [gcc_ext.10.5]
    arg [-lgcc] ==> lib [gcc]
    arg [-lSystem] ==> lib [System]
    arg [-no_compact_unwind] ==> ignore
    arg [-v] ==> ignore
  Library search paths: [;/usr/local/Cellar/gcc/11.2.0_3/lib/gcc/11/gcc/x86_64-apple-darwin20/11;/usr/local/Cellar/gcc/11.2.0_3/lib/gcc/11/gcc;/usr/local/Cellar/gcc/11.2.0_3/lib/gcc/11;/Applications/Xcode.app/Contents/Developer/Platforms/MacOSX.platform/Developer/SDKs/MacOSX12.1.sdk/usr/lib]
  Framework search paths: [;/Applications/Xcode.app/Contents/Developer/Platforms/MacOSX.platform/Developer/SDKs/MacOSX12.1.sdk/System/Library/Frameworks/]
  remove lib [System]
  remove lib [System]
  collapse library dir [/usr/local/Cellar/gcc/11.2.0_3/bin/../lib/gcc/11/gcc/x86_64-apple-darwin20/11] ==> [/usr/local/Cellar/gcc/11.2.0_3/lib/gcc/11/gcc/x86_64-apple-darwin20/11]
  collapse library dir [/usr/local/Cellar/gcc/11.2.0_3/bin/../lib/gcc/11/gcc] ==> [/usr/local/Cellar/gcc/11.2.0_3/lib/gcc/11/gcc]
  collapse library dir [/usr/local/Cellar/gcc/11.2.0_3/bin/../lib/gcc/11/gcc/x86_64-apple-darwin20/11/../../..] ==> [/usr/local/Cellar/gcc/11.2.0_3/lib/gcc/11]
  collapse library dir [/usr/local/Cellar/gcc/11.2.0_3/lib/gcc/11/gcc/x86_64-apple-darwin20/11] ==> [/usr/local/Cellar/gcc/11.2.0_3/lib/gcc/11/gcc/x86_64-apple-darwin20/11]
  collapse library dir [/usr/local/Cellar/gcc/11.2.0_3/lib/gcc/11/gcc] ==> [/usr/local/Cellar/gcc/11.2.0_3/lib/gcc/11/gcc]
  collapse library dir [/usr/local/Cellar/gcc/11.2.0_3/lib/gcc/11] ==> [/usr/local/Cellar/gcc/11.2.0_3/lib/gcc/11]
  collapse library dir [/Applications/Xcode.app/Contents/Developer/Platforms/MacOSX.platform/Developer/SDKs/MacOSX12.1.sdk/usr/lib] ==> [/Applications/Xcode.app/Contents/Developer/Platforms/MacOSX.platform/Developer/SDKs/MacOSX12.1.sdk/usr/lib]
  collapse framework dir [/Applications/Xcode.app/Contents/Developer/Platforms/MacOSX.platform/Developer/SDKs/MacOSX12.1.sdk/System/Library/Frameworks/] ==> [/Applications/Xcode.app/Contents/Developer/Platforms/MacOSX.platform/Developer/SDKs/MacOSX12.1.sdk/System/Library/Frameworks]
  implicit libs: [gcc_ext.10.5;gcc]
  implicit objs: []
  implicit dirs: [/usr/local/Cellar/gcc/11.2.0_3/lib/gcc/11/gcc/x86_64-apple-darwin20/11;/usr/local/Cellar/gcc/11.2.0_3/lib/gcc/11/gcc;/usr/local/Cellar/gcc/11.2.0_3/lib/gcc/11;/Applications/Xcode.app/Contents/Developer/Platforms/MacOSX.platform/Developer/SDKs/MacOSX12.1.sdk/usr/lib]
  implicit fwks: [/Applications/Xcode.app/Contents/Developer/Platforms/MacOSX.platform/Developer/SDKs/MacOSX12.1.sdk/System/Library/Frameworks]


Detecting CXX compiler ABI info compiled with the following output:
Change Dir: /Users/dhyanpatell/Desktop/tutorials/C++/c_slam/build/CMakeFiles/CMakeTmp

Run Build Command(s):/usr/bin/make -f Makefile cmTC_659a2/fast && /Applications/Xcode.app/Contents/Developer/usr/bin/make  -f CMakeFiles/cmTC_659a2.dir/build.make CMakeFiles/cmTC_659a2.dir/build
Building CXX object CMakeFiles/cmTC_659a2.dir/CMakeCXXCompilerABI.cpp.o
/Applications/Xcode.app/Contents/Developer/Toolchains/XcodeDefault.xctoolchain/usr/bin/c++   -isysroot /Applications/Xcode.app/Contents/Developer/Platforms/MacOSX.platform/Developer/SDKs/MacOSX12.1.sdk -mmacosx-version-min=11.6   -v -Wl,-v -MD -MT CMakeFiles/cmTC_659a2.dir/CMakeCXXCompilerABI.cpp.o -MF CMakeFiles/cmTC_659a2.dir/CMakeCXXCompilerABI.cpp.o.d -o CMakeFiles/cmTC_659a2.dir/CMakeCXXCompilerABI.cpp.o -c /usr/local/Cellar/cmake/3.22.1/share/cmake/Modules/CMakeCXXCompilerABI.cpp
Apple clang version 13.0.0 (clang-1300.0.29.30)
Target: x86_64-apple-darwin20.6.0
Thread model: posix
InstalledDir: /Applications/Xcode.app/Contents/Developer/Toolchains/XcodeDefault.xctoolchain/usr/bin
clang: warning: -Wl,-v: 'linker' input unused [-Wunused-command-line-argument]
 "/Applications/Xcode.app/Contents/Developer/Toolchains/XcodeDefault.xctoolchain/usr/bin/clang" -cc1 -triple x86_64-apple-macosx11.6.0 -Wundef-prefix=TARGET_OS_ -Wdeprecated-objc-isa-usage -Werror=deprecated-objc-isa-usage -Werror=implicit-function-declaration -emit-obj -mrelax-all --mrelax-relocations -disable-free -disable-llvm-verifier -discard-value-names -main-file-name CMakeCXXCompilerABI.cpp -mrelocation-model pic -pic-level 2 -mframe-pointer=all -fno-strict-return -fno-rounding-math -munwind-tables -target-sdk-version=12.1 -fvisibility-inlines-hidden-static-local-var -target-cpu penryn -tune-cpu generic -debugger-tuning=lldb -target-linker-version 711 -v -resource-dir /Applications/Xcode.app/Contents/Developer/Toolchains/XcodeDefault.xctoolchain/usr/lib/clang/13.0.0 -dependency-file CMakeFiles/cmTC_659a2.dir/CMakeCXXCompilerABI.cpp.o.d -skip-unused-modulemap-deps -MT CMakeFiles/cmTC_659a2.dir/CMakeCXXCompilerABI.cpp.o -sys-header-deps -isysroot /Applications/Xcode.app/Contents/Developer/Platforms/MacOSX.platform/Developer/SDKs/MacOSX12.1.sdk -stdlib=libc++ -internal-isystem /Applications/Xcode.app/Contents/Developer/Platforms/MacOSX.platform/Developer/SDKs/MacOSX12.1.sdk/usr/include/c++/v1 -internal-isystem /Applications/Xcode.app/Contents/Developer/Platforms/MacOSX.platform/Developer/SDKs/MacOSX12.1.sdk/usr/local/include -internal-isystem /Applications/Xcode.app/Contents/Developer/Toolchains/XcodeDefault.xctoolchain/usr/lib/clang/13.0.0/include -internal-externc-isystem /Applications/Xcode.app/Contents/Developer/Platforms/MacOSX.platform/Developer/SDKs/MacOSX12.1.sdk/usr/include -internal-externc-isystem /Applications/Xcode.app/Contents/Developer/Toolchains/XcodeDefault.xctoolchain/usr/include -Wno-reorder-init-list -Wno-implicit-int-float-conversion -Wno-c99-designator -Wno-final-dtor-non-final-class -Wno-extra-semi-stmt -Wno-misleading-indentation -Wno-quoted-include-in-framework-header -Wno-implicit-fallthrough -Wno-enum-enum-conversion -Wno-enum-float-conversion -Wno-elaborated-enum-base -fdeprecated-macro -fdebug-compilation-dir /Users/dhyanpatell/Desktop/tutorials/C++/c_slam/build/CMakeFiles/CMakeTmp -ferror-limit 19 -stack-protector 1 -fstack-check -mdarwin-stkchk-strong-link -fblocks -fencode-extended-block-signature -fregister-global-dtors-with-atexit -fgnuc-version=4.2.1 -fno-cxx-modules -fcxx-exceptions -fexceptions -fmax-type-align=16 -fcommon -clang-vendor-feature=+nullptrToBoolConversion -clang-vendor-feature=+messageToSelfInClassMethodIdReturnType -clang-vendor-feature=+disableInferNewAvailabilityFromInit -clang-vendor-feature=+disableNeonImmediateRangeCheck -clang-vendor-feature=+disableNonDependentMemberExprInCurrentInstantiation -fno-odr-hash-protocols -clang-vendor-feature=+revert09abecef7bbf -mllvm -disable-aligned-alloc-awareness=1 -mllvm -enable-dse-memoryssa=0 -o CMakeFiles/cmTC_659a2.dir/CMakeCXXCompilerABI.cpp.o -x c++ /usr/local/Cellar/cmake/3.22.1/share/cmake/Modules/CMakeCXXCompilerABI.cpp
clang -cc1 version 13.0.0 (clang-1300.0.29.30) default target x86_64-apple-darwin20.6.0
ignoring nonexistent directory "/Applications/Xcode.app/Contents/Developer/Platforms/MacOSX.platform/Developer/SDKs/MacOSX12.1.sdk/usr/local/include"
ignoring nonexistent directory "/Applications/Xcode.app/Contents/Developer/Platforms/MacOSX.platform/Developer/SDKs/MacOSX12.1.sdk/Library/Frameworks"
#include "..." search starts here:
#include <...> search starts here:
 /Applications/Xcode.app/Contents/Developer/Platforms/MacOSX.platform/Developer/SDKs/MacOSX12.1.sdk/usr/include/c++/v1
 /Applications/Xcode.app/Contents/Developer/Toolchains/XcodeDefault.xctoolchain/usr/lib/clang/13.0.0/include
 /Applications/Xcode.app/Contents/Developer/Platforms/MacOSX.platform/Developer/SDKs/MacOSX12.1.sdk/usr/include
 /Applications/Xcode.app/Contents/Developer/Toolchains/XcodeDefault.xctoolchain/usr/include
 /Applications/Xcode.app/Contents/Developer/Platforms/MacOSX.platform/Developer/SDKs/MacOSX12.1.sdk/System/Library/Frameworks (framework directory)
End of search list.
Linking CXX executable cmTC_659a2
/usr/local/Cellar/cmake/3.22.1/bin/cmake -E cmake_link_script CMakeFiles/cmTC_659a2.dir/link.txt --verbose=1
/Applications/Xcode.app/Contents/Developer/Toolchains/XcodeDefault.xctoolchain/usr/bin/c++  -isysroot /Applications/Xcode.app/Contents/Developer/Platforms/MacOSX.platform/Developer/SDKs/MacOSX12.1.sdk -mmacosx-version-min=11.6 -Wl,-search_paths_first -Wl,-headerpad_max_install_names  -v -Wl,-v CMakeFiles/cmTC_659a2.dir/CMakeCXXCompilerABI.cpp.o -o cmTC_659a2 
Apple clang version 13.0.0 (clang-1300.0.29.30)
Target: x86_64-apple-darwin20.6.0
Thread model: posix
InstalledDir: /Applications/Xcode.app/Contents/Developer/Toolchains/XcodeDefault.xctoolchain/usr/bin
 "/Applications/Xcode.app/Contents/Developer/Toolchains/XcodeDefault.xctoolchain/usr/bin/ld" -demangle -lto_library /Applications/Xcode.app/Contents/Developer/Toolchains/XcodeDefault.xctoolchain/usr/lib/libLTO.dylib -dynamic -arch x86_64 -platform_version macos 11.6.0 12.1 -syslibroot /Applications/Xcode.app/Contents/Developer/Platforms/MacOSX.platform/Developer/SDKs/MacOSX12.1.sdk -o cmTC_659a2 -search_paths_first -headerpad_max_install_names -v CMakeFiles/cmTC_659a2.dir/CMakeCXXCompilerABI.cpp.o -lc++ -lSystem /Applications/Xcode.app/Contents/Developer/Toolchains/XcodeDefault.xctoolchain/usr/lib/clang/13.0.0/lib/darwin/libclang_rt.osx.a
@(#)PROGRAM:ld  PROJECT:ld64-711
BUILD 21:57:11 Nov 17 2021
configured to support archs: armv6 armv7 armv7s arm64 arm64e arm64_32 i386 x86_64 x86_64h armv6m armv7k armv7m armv7em
Library search paths:
	/Applications/Xcode.app/Contents/Developer/Platforms/MacOSX.platform/Developer/SDKs/MacOSX12.1.sdk/usr/lib
Framework search paths:
	/Applications/Xcode.app/Contents/Developer/Platforms/MacOSX.platform/Developer/SDKs/MacOSX12.1.sdk/System/Library/Frameworks/



Parsed CXX implicit include dir info from above output: rv=done
  found start of include info
  found start of implicit include info
    add: [/Applications/Xcode.app/Contents/Developer/Platforms/MacOSX.platform/Developer/SDKs/MacOSX12.1.sdk/usr/include/c++/v1]
    add: [/Applications/Xcode.app/Contents/Developer/Toolchains/XcodeDefault.xctoolchain/usr/lib/clang/13.0.0/include]
    add: [/Applications/Xcode.app/Contents/Developer/Platforms/MacOSX.platform/Developer/SDKs/MacOSX12.1.sdk/usr/include]
    add: [/Applications/Xcode.app/Contents/Developer/Toolchains/XcodeDefault.xctoolchain/usr/include]
  end of search list found
  collapse include dir [/Applications/Xcode.app/Contents/Developer/Platforms/MacOSX.platform/Developer/SDKs/MacOSX12.1.sdk/usr/include/c++/v1] ==> [/Applications/Xcode.app/Contents/Developer/Platforms/MacOSX.platform/Developer/SDKs/MacOSX12.1.sdk/usr/include/c++/v1]
  collapse include dir [/Applications/Xcode.app/Contents/Developer/Toolchains/XcodeDefault.xctoolchain/usr/lib/clang/13.0.0/include] ==> [/Applications/Xcode.app/Contents/Developer/Toolchains/XcodeDefault.xctoolchain/usr/lib/clang/13.0.0/include]
  collapse include dir [/Applications/Xcode.app/Contents/Developer/Platforms/MacOSX.platform/Developer/SDKs/MacOSX12.1.sdk/usr/include] ==> [/Applications/Xcode.app/Contents/Developer/Platforms/MacOSX.platform/Developer/SDKs/MacOSX12.1.sdk/usr/include]
  collapse include dir [/Applications/Xcode.app/Contents/Developer/Toolchains/XcodeDefault.xctoolchain/usr/include] ==> [/Applications/Xcode.app/Contents/Developer/Toolchains/XcodeDefault.xctoolchain/usr/include]
  implicit include dirs: [/Applications/Xcode.app/Contents/Developer/Platforms/MacOSX.platform/Developer/SDKs/MacOSX12.1.sdk/usr/include/c++/v1;/Applications/Xcode.app/Contents/Developer/Toolchains/XcodeDefault.xctoolchain/usr/lib/clang/13.0.0/include;/Applications/Xcode.app/Contents/Developer/Platforms/MacOSX.platform/Developer/SDKs/MacOSX12.1.sdk/usr/include;/Applications/Xcode.app/Contents/Developer/Toolchains/XcodeDefault.xctoolchain/usr/include]


Parsed CXX implicit link information from above output:
  link line regex: [^( *|.*[/\])(ld|CMAKE_LINK_STARTFILE-NOTFOUND|([^/\]+-)?ld|collect2)[^/\]*( |$)]
  ignore line: [Change Dir: /Users/dhyanpatell/Desktop/tutorials/C++/c_slam/build/CMakeFiles/CMakeTmp]
  ignore line: []
  ignore line: [Run Build Command(s):/usr/bin/make -f Makefile cmTC_659a2/fast && /Applications/Xcode.app/Contents/Developer/usr/bin/make  -f CMakeFiles/cmTC_659a2.dir/build.make CMakeFiles/cmTC_659a2.dir/build]
  ignore line: [Building CXX object CMakeFiles/cmTC_659a2.dir/CMakeCXXCompilerABI.cpp.o]
  ignore line: [/Applications/Xcode.app/Contents/Developer/Toolchains/XcodeDefault.xctoolchain/usr/bin/c++   -isysroot /Applications/Xcode.app/Contents/Developer/Platforms/MacOSX.platform/Developer/SDKs/MacOSX12.1.sdk -mmacosx-version-min=11.6   -v -Wl -v -MD -MT CMakeFiles/cmTC_659a2.dir/CMakeCXXCompilerABI.cpp.o -MF CMakeFiles/cmTC_659a2.dir/CMakeCXXCompilerABI.cpp.o.d -o CMakeFiles/cmTC_659a2.dir/CMakeCXXCompilerABI.cpp.o -c /usr/local/Cellar/cmake/3.22.1/share/cmake/Modules/CMakeCXXCompilerABI.cpp]
  ignore line: [Apple clang version 13.0.0 (clang-1300.0.29.30)]
  ignore line: [Target: x86_64-apple-darwin20.6.0]
  ignore line: [Thread model: posix]
  ignore line: [InstalledDir: /Applications/Xcode.app/Contents/Developer/Toolchains/XcodeDefault.xctoolchain/usr/bin]
  ignore line: [clang: warning: -Wl -v: 'linker' input unused [-Wunused-command-line-argument]]
  ignore line: [ "/Applications/Xcode.app/Contents/Developer/Toolchains/XcodeDefault.xctoolchain/usr/bin/clang" -cc1 -triple x86_64-apple-macosx11.6.0 -Wundef-prefix=TARGET_OS_ -Wdeprecated-objc-isa-usage -Werror=deprecated-objc-isa-usage -Werror=implicit-function-declaration -emit-obj -mrelax-all --mrelax-relocations -disable-free -disable-llvm-verifier -discard-value-names -main-file-name CMakeCXXCompilerABI.cpp -mrelocation-model pic -pic-level 2 -mframe-pointer=all -fno-strict-return -fno-rounding-math -munwind-tables -target-sdk-version=12.1 -fvisibility-inlines-hidden-static-local-var -target-cpu penryn -tune-cpu generic -debugger-tuning=lldb -target-linker-version 711 -v -resource-dir /Applications/Xcode.app/Contents/Developer/Toolchains/XcodeDefault.xctoolchain/usr/lib/clang/13.0.0 -dependency-file CMakeFiles/cmTC_659a2.dir/CMakeCXXCompilerABI.cpp.o.d -skip-unused-modulemap-deps -MT CMakeFiles/cmTC_659a2.dir/CMakeCXXCompilerABI.cpp.o -sys-header-deps -isysroot /Applications/Xcode.app/Contents/Developer/Platforms/MacOSX.platform/Developer/SDKs/MacOSX12.1.sdk -stdlib=libc++ -internal-isystem /Applications/Xcode.app/Contents/Developer/Platforms/MacOSX.platform/Developer/SDKs/MacOSX12.1.sdk/usr/include/c++/v1 -internal-isystem /Applications/Xcode.app/Contents/Developer/Platforms/MacOSX.platform/Developer/SDKs/MacOSX12.1.sdk/usr/local/include -internal-isystem /Applications/Xcode.app/Contents/Developer/Toolchains/XcodeDefault.xctoolchain/usr/lib/clang/13.0.0/include -internal-externc-isystem /Applications/Xcode.app/Contents/Developer/Platforms/MacOSX.platform/Developer/SDKs/MacOSX12.1.sdk/usr/include -internal-externc-isystem /Applications/Xcode.app/Contents/Developer/Toolchains/XcodeDefault.xctoolchain/usr/include -Wno-reorder-init-list -Wno-implicit-int-float-conversion -Wno-c99-designator -Wno-final-dtor-non-final-class -Wno-extra-semi-stmt -Wno-misleading-indentation -Wno-quoted-include-in-framework-header -Wno-implicit-fallthrough -Wno-enum-enum-conversion -Wno-enum-float-conversion -Wno-elaborated-enum-base -fdeprecated-macro -fdebug-compilation-dir /Users/dhyanpatell/Desktop/tutorials/C++/c_slam/build/CMakeFiles/CMakeTmp -ferror-limit 19 -stack-protector 1 -fstack-check -mdarwin-stkchk-strong-link -fblocks -fencode-extended-block-signature -fregister-global-dtors-with-atexit -fgnuc-version=4.2.1 -fno-cxx-modules -fcxx-exceptions -fexceptions -fmax-type-align=16 -fcommon -clang-vendor-feature=+nullptrToBoolConversion -clang-vendor-feature=+messageToSelfInClassMethodIdReturnType -clang-vendor-feature=+disableInferNewAvailabilityFromInit -clang-vendor-feature=+disableNeonImmediateRangeCheck -clang-vendor-feature=+disableNonDependentMemberExprInCurrentInstantiation -fno-odr-hash-protocols -clang-vendor-feature=+revert09abecef7bbf -mllvm -disable-aligned-alloc-awareness=1 -mllvm -enable-dse-memoryssa=0 -o CMakeFiles/cmTC_659a2.dir/CMakeCXXCompilerABI.cpp.o -x c++ /usr/local/Cellar/cmake/3.22.1/share/cmake/Modules/CMakeCXXCompilerABI.cpp]
  ignore line: [clang -cc1 version 13.0.0 (clang-1300.0.29.30) default target x86_64-apple-darwin20.6.0]
  ignore line: [ignoring nonexistent directory "/Applications/Xcode.app/Contents/Developer/Platforms/MacOSX.platform/Developer/SDKs/MacOSX12.1.sdk/usr/local/include"]
  ignore line: [ignoring nonexistent directory "/Applications/Xcode.app/Contents/Developer/Platforms/MacOSX.platform/Developer/SDKs/MacOSX12.1.sdk/Library/Frameworks"]
  ignore line: [#include "..." search starts here:]
  ignore line: [#include <...> search starts here:]
  ignore line: [ /Applications/Xcode.app/Contents/Developer/Platforms/MacOSX.platform/Developer/SDKs/MacOSX12.1.sdk/usr/include/c++/v1]
  ignore line: [ /Applications/Xcode.app/Contents/Developer/Toolchains/XcodeDefault.xctoolchain/usr/lib/clang/13.0.0/include]
  ignore line: [ /Applications/Xcode.app/Contents/Developer/Platforms/MacOSX.platform/Developer/SDKs/MacOSX12.1.sdk/usr/include]
  ignore line: [ /Applications/Xcode.app/Contents/Developer/Toolchains/XcodeDefault.xctoolchain/usr/include]
  ignore line: [ /Applications/Xcode.app/Contents/Developer/Platforms/MacOSX.platform/Developer/SDKs/MacOSX12.1.sdk/System/Library/Frameworks (framework directory)]
  ignore line: [End of search list.]
  ignore line: [Linking CXX executable cmTC_659a2]
  ignore line: [/usr/local/Cellar/cmake/3.22.1/bin/cmake -E cmake_link_script CMakeFiles/cmTC_659a2.dir/link.txt --verbose=1]
  ignore line: [/Applications/Xcode.app/Contents/Developer/Toolchains/XcodeDefault.xctoolchain/usr/bin/c++  -isysroot /Applications/Xcode.app/Contents/Developer/Platforms/MacOSX.platform/Developer/SDKs/MacOSX12.1.sdk -mmacosx-version-min=11.6 -Wl -search_paths_first -Wl -headerpad_max_install_names  -v -Wl -v CMakeFiles/cmTC_659a2.dir/CMakeCXXCompilerABI.cpp.o -o cmTC_659a2 ]
  ignore line: [Apple clang version 13.0.0 (clang-1300.0.29.30)]
  ignore line: [Target: x86_64-apple-darwin20.6.0]
  ignore line: [Thread model: posix]
  ignore line: [InstalledDir: /Applications/Xcode.app/Contents/Developer/Toolchains/XcodeDefault.xctoolchain/usr/bin]
  link line: [ "/Applications/Xcode.app/Contents/Developer/Toolchains/XcodeDefault.xctoolchain/usr/bin/ld" -demangle -lto_library /Applications/Xcode.app/Contents/Developer/Toolchains/XcodeDefault.xctoolchain/usr/lib/libLTO.dylib -dynamic -arch x86_64 -platform_version macos 11.6.0 12.1 -syslibroot /Applications/Xcode.app/Contents/Developer/Platforms/MacOSX.platform/Developer/SDKs/MacOSX12.1.sdk -o cmTC_659a2 -search_paths_first -headerpad_max_install_names -v CMakeFiles/cmTC_659a2.dir/CMakeCXXCompilerABI.cpp.o -lc++ -lSystem /Applications/Xcode.app/Contents/Developer/Toolchains/XcodeDefault.xctoolchain/usr/lib/clang/13.0.0/lib/darwin/libclang_rt.osx.a]
    arg [/Applications/Xcode.app/Contents/Developer/Toolchains/XcodeDefault.xctoolchain/usr/bin/ld] ==> ignore
    arg [-demangle] ==> ignore
    arg [-lto_library] ==> ignore, skip following value
    arg [/Applications/Xcode.app/Contents/Developer/Toolchains/XcodeDefault.xctoolchain/usr/lib/libLTO.dylib] ==> skip value of -lto_library
    arg [-dynamic] ==> ignore
    arg [-arch] ==> ignore
    arg [x86_64] ==> ignore
    arg [-platform_version] ==> ignore
    arg [macos] ==> ignore
    arg [11.6.0] ==> ignore
    arg [12.1] ==> ignore
    arg [-syslibroot] ==> ignore
    arg [/Applications/Xcode.app/Contents/Developer/Platforms/MacOSX.platform/Developer/SDKs/MacOSX12.1.sdk] ==> ignore
    arg [-o] ==> ignore
    arg [cmTC_659a2] ==> ignore
    arg [-search_paths_first] ==> ignore
    arg [-headerpad_max_install_names] ==> ignore
    arg [-v] ==> ignore
    arg [CMakeFiles/cmTC_659a2.dir/CMakeCXXCompilerABI.cpp.o] ==> ignore
    arg [-lc++] ==> lib [c++]
    arg [-lSystem] ==> lib [System]
    arg [/Applications/Xcode.app/Contents/Developer/Toolchains/XcodeDefault.xctoolchain/usr/lib/clang/13.0.0/lib/darwin/libclang_rt.osx.a] ==> lib [/Applications/Xcode.app/Contents/Developer/Toolchains/XcodeDefault.xctoolchain/usr/lib/clang/13.0.0/lib/darwin/libclang_rt.osx.a]
  Library search paths: [;/Applications/Xcode.app/Contents/Developer/Platforms/MacOSX.platform/Developer/SDKs/MacOSX12.1.sdk/usr/lib]
  Framework search paths: [;/Applications/Xcode.app/Contents/Developer/Platforms/MacOSX.platform/Developer/SDKs/MacOSX12.1.sdk/System/Library/Frameworks/]
  remove lib [System]
  remove lib [/Applications/Xcode.app/Contents/Developer/Toolchains/XcodeDefault.xctoolchain/usr/lib/clang/13.0.0/lib/darwin/libclang_rt.osx.a]
  collapse library dir [/Applications/Xcode.app/Contents/Developer/Platforms/MacOSX.platform/Developer/SDKs/MacOSX12.1.sdk/usr/lib] ==> [/Applications/Xcode.app/Contents/Developer/Platforms/MacOSX.platform/Developer/SDKs/MacOSX12.1.sdk/usr/lib]
  collapse framework dir [/Applications/Xcode.app/Contents/Developer/Platforms/MacOSX.platform/Developer/SDKs/MacOSX12.1.sdk/System/Library/Frameworks/] ==> [/Applications/Xcode.app/Contents/Developer/Platforms/MacOSX.platform/Developer/SDKs/MacOSX12.1.sdk/System/Library/Frameworks]
  implicit libs: [c++]
  implicit objs: []
  implicit dirs: [/Applications/Xcode.app/Contents/Developer/Platforms/MacOSX.platform/Developer/SDKs/MacOSX12.1.sdk/usr/lib]
  implicit fwks: [/Applications/Xcode.app/Contents/Developer/Platforms/MacOSX.platform/Developer/SDKs/MacOSX12.1.sdk/System/Library/Frameworks]


